2019-12-13 17:46 +08:00: [HPM] Proxy created: /  ->  https://cassiehuang.online:8001
2019-12-13 17:46 +08:00: webpack built c4461dbcdfb9e24424e2 in 7350ms
2019-12-13 17:46 +08:00: complier 7608ms
2019-12-13 17:46 +08:00: [34mi[39m [90m｢wdm｣[39m: Hash: [1mc4461dbcdfb9e24424e2[39m[22m
Version: webpack [1m4.29.6[39m[22m
Time: [1m7350[39m[22mms
Built at: 2019-12-13 [1m17:46:34[39m[22m
                              [1mAsset[39m[22m       [1mSize[39m[22m    [1mChunks[39m[22m  [1m[39m[22m           [1m[39m[22m       [1mChunk Names[39m[22m
                             [1m[33mapp.js[39m[22m   [1m[33m1.04 MiB[39m[22m       [1mapp[39m[22m  [1m[32m[emitted][39m[22m  [1m[33m[big][39m[22m  app
                         [1m[32mapp.js.map[39m[22m    960 KiB       [1mapp[39m[22m  [1m[32m[emitted][39m[22m         app
                           [1m[32mboard.js[39m[22m   50.8 KiB     [1mboard[39m[22m  [1m[32m[emitted][39m[22m         board
                       [1m[32mboard.js.map[39m[22m   36.4 KiB     [1mboard[39m[22m  [1m[32m[emitted][39m[22m         board
                          [1m[32mcinema.js[39m[22m   51.1 KiB    [1mcinema[39m[22m  [1m[32m[emitted][39m[22m         cinema
                      [1m[32mcinema.js.map[39m[22m   29.7 KiB    [1mcinema[39m[22m  [1m[32m[emitted][39m[22m         cinema
    [1m[32mcommon.ab3ca12722dda29187a8.css[39m[22m   3.25 KiB       [1mapp[39m[22m  [1m[32m[emitted][39m[22m         app
[1m[32mcommon.ab3ca12722dda29187a8.css.map[39m[22m    4.8 KiB       [1mapp[39m[22m  [1m[32m[emitted][39m[22m         app
                            [1m[32mhome.js[39m[22m   58.2 KiB      [1mhome[39m[22m  [1m[32m[emitted][39m[22m         home
                        [1m[32mhome.js.map[39m[22m   48.8 KiB      [1mhome[39m[22m  [1m[32m[emitted][39m[22m         home
                         [1m[32mindex.html[39m[22m  950 bytes          [1m[39m[22m  [1m[32m[emitted][39m[22m         
                           [1m[32mlogin.js[39m[22m     23 KiB     [1mlogin[39m[22m  [1m[32m[emitted][39m[22m         login
                       [1m[32mlogin.js.map[39m[22m   13.4 KiB     [1mlogin[39m[22m  [1m[32m[emitted][39m[22m         login
                        [1m[32mmanifest.js[39m[22m   33.7 KiB  [1mmanifest[39m[22m  [1m[32m[emitted][39m[22m         manifest
                    [1m[32mmanifest.js.map[39m[22m     35 KiB  [1mmanifest[39m[22m  [1m[32m[emitted][39m[22m         manifest
                           [1m[32mmovie.js[39m[22m   75.3 KiB     [1mmovie[39m[22m  [1m[32m[emitted][39m[22m         movie
                       [1m[32mmovie.js.map[39m[22m     45 KiB     [1mmovie[39m[22m  [1m[32m[emitted][39m[22m         movie
                          [1m[33mvendor.js[39m[22m    [1m[33m528 KiB[39m[22m    [1mvendor[39m[22m  [1m[32m[emitted][39m[22m  [1m[33m[big][39m[22m  vendor
                      [1m[32mvendor.js.map[39m[22m    628 KiB    [1mvendor[39m[22m  [1m[32m[emitted][39m[22m         vendor
Entrypoint [1mapp[39m[22m [1m[33m[big][39m[22m = [1m[32mmanifest.js[39m[22m [1m[32mmanifest.js.map[39m[22m [1m[32mcommon.ab3ca12722dda29187a8.css[39m[22m [1m[32mapp.js[39m[22m [1m[32mcommon.ab3ca12722dda29187a8.css.map[39m[22m [1m[32mapp.js.map[39m[22m [1m[35m(prefetch:[39m[22m [1m[32mvendor.js[39m[22m [1m[32mvendor.js.map[39m[22m [1m[32mcinema.js[39m[22m [1m[32mcinema.js.map[39m[22m [1m[32mhome.js[39m[22m [1m[32mhome.js.map[39m[22m [1m[32mmovie.js[39m[22m [1m[32mmovie.js.map[39m[22m [1m[32mboard.js[39m[22m [1m[32mboard.js.map[39m[22m [1m[32mlogin.js[39m[22m [1m[32mlogin.js.map[39m[22m[1m[35m)[39m[22m
[0] [1mmulti webpack-hot-middleware/client?noInfo=true&reload=true ./src/main.js[39m[22m 40 bytes {[1m[33mapp[39m[22m}[1m[32m [built][39m[22m
[[1m./node_modules/ansi-html/index.js[39m[22m] 4.16 KiB {[1m[33mapp[39m[22m}[1m[32m [built][39m[22m
[[1m./node_modules/babel-polyfill/lib/index.js[39m[22m] 833 bytes {[1m[33mapp[39m[22m}[1m[32m [built][39m[22m
[[1m./node_modules/querystring-es3/index.js[39m[22m] 127 bytes {[1m[33mapp[39m[22m}[1m[32m [built][39m[22m
[[1m./node_modules/strip-ansi/index.js[39m[22m] 161 bytes {[1m[33mapp[39m[22m}[1m[32m [built][39m[22m
[[1m./node_modules/vue/dist/vue.runtime.esm.js[39m[22m] 222 KiB {[1m[33mapp[39m[22m}[1m[32m [built][39m[22m
[./node_modules/webpack-hot-middleware/client-overlay.js] [1m(webpack)-hot-middleware/client-overlay.js[39m[22m 2.16 KiB {[1m[33mapp[39m[22m}[1m[32m [built][39m[22m
[./node_modules/webpack-hot-middleware/client.js?noInfo=true&reload=true] [1m(webpack)-hot-middleware/client.js?noInfo=true&reload=true[39m[22m 7.59 KiB {[1m[33mapp[39m[22m}[1m[32m [built][39m[22m
[./node_modules/webpack-hot-middleware/process-update.js] [1m(webpack)-hot-middleware/process-update.js[39m[22m 4.26 KiB {[1m[33mapp[39m[22m}[1m[32m [built][39m[22m
[./node_modules/webpack/buildin/module.js] [1m(webpack)/buildin/module.js[39m[22m 497 bytes {[1m[33mapp[39m[22m}[1m[32m [built][39m[22m
[[1m./src/App.vue[39m[22m] 1.08 KiB {[1m[33mapp[39m[22m}[1m[32m [built][39m[22m
[[1m./src/main.js[39m[22m] 1.06 KiB {[1m[33mapp[39m[22m}[1m[32m [built][39m[22m
[[1m./src/router/index.js[39m[22m] 2.01 KiB {[1m[33mapp[39m[22m}[1m[32m [built][39m[22m
[[1m./src/store/index.js[39m[22m] 1.1 KiB {[1m[33mapp[39m[22m}[1m[32m [built][39m[22m
[[1m./src/utils/api_helper.js[39m[22m] 2.68 KiB {[1m[33mapp[39m[22m}[1m[32m [built][39m[22m
    + 503 hidden modules
Child [1mhtml-webpack-plugin for "index.html"[39m[22m:
         [1mAsset[39m[22m     [1mSize[39m[22m  [1mChunks[39m[22m  [1m[39m[22m[1m[39m[22m[1mChunk Names[39m[22m
    [1m[32mindex.html[39m[22m  557 KiB       [1m0[39m[22m  [1m[32m[39m[22m
    Entrypoint [1mundefined[39m[22m = [1m[32mindex.html[39m[22m
    [[1m./node_modules/html-webpack-plugin/lib/loader.js!./index.template.html[39m[22m] 992 bytes {[1m[33m0[39m[22m}[1m[32m [built][39m[22m
    [[1m./node_modules/lodash/lodash.js[39m[22m] 527 KiB {[1m[33m0[39m[22m}[1m[32m [built][39m[22m
    [./node_modules/webpack/buildin/global.js] [1m(webpack)/buildin/global.js[39m[22m 472 bytes {[1m[33m0[39m[22m}[1m[32m [built][39m[22m
    [./node_modules/webpack/buildin/module.js] [1m(webpack)/buildin/module.js[39m[22m 497 bytes {[1m[33m0[39m[22m}[1m[32m [built][39m[22m
Child [1mmini-css-extract-plugin node_modules/css-loader/index.js!node_modules/vue-loader/lib/loaders/stylePostLoader.js!node_modules/postcss-loader/src/index.js!node_modules/less-loader/dist/cjs.js!node_modules/vue-loader/lib/index.js??vue-loader-options!src/App.vue?vue&type=style&index=0&lang=less&[39m[22m:
    Entrypoint [1mmini-css-extract-plugin[39m[22m = [1m[32m*[39m[22m
    [./node_modules/css-loader/index.js!./node_modules/vue-loader/lib/loaders/stylePostLoader.js!./node_modules/postcss-loader/src/index.js!./node_modules/less-loader/dist/cjs.js!./node_modules/vue-loader/lib/index.js?!./src/App.vue?vue&type=style&index=0&lang=less&] [1m./node_modules/css-loader!./node_modules/vue-loader/lib/loaders/stylePostLoader.js!./node_modules/postcss-loader/src!./node_modules/less-loader/dist/cjs.js!./node_modules/vue-loader/lib??vue-loader-options!./src/App.vue?vue&type=style&index=0&lang=less&[39m[22m 3.6 KiB {[1m[33mmini-css-extract-plugin[39m[22m}[1m[32m [built][39m[22m
    [[1m./node_modules/css-loader/lib/css-base.js[39m[22m] 2.21 KiB {[1m[33mmini-css-extract-plugin[39m[22m}[1m[32m [built][39m[22m
2019-12-13 17:46 +08:00: [34mi[39m [90m｢wdm｣[39m: Compiled successfully.
2019-12-13 17:46 +08:00: dev server is listening on:9000
